<?xml version="1.0" encoding="UTF-8"?>
<testng-results skipped="0" failed="0" total="1" passed="1">
  <reporter-output>
  </reporter-output>
  <suite name="Default suite" duration-ms="3643" started-at="2017-03-01T13:48:21Z" finished-at="2017-03-01T13:48:25Z">
    <groups>
    </groups>
    <test name="Default test" duration-ms="3643" started-at="2017-03-01T13:48:21Z" finished-at="2017-03-01T13:48:25Z">
      <class name="com.howtodoinjava.demo.model.CampaignRedeemAccepted">
        <test-method status="PASS" signature="browserselect()[pri:0, instance:com.howtodoinjava.demo.model.CampaignRedeemAccepted@41eaa2]" name="browserselect" is-config="true" duration-ms="2685" started-at="2017-03-01T19:18:21Z" finished-at="2017-03-01T19:18:24Z">
          <reporter-output>
          </reporter-output>
        </test-method> <!-- browserselect -->
        <test-method status="PASS" signature="checkthemembertypecode()[pri:0, instance:com.howtodoinjava.demo.model.CampaignRedeemAccepted@41eaa2]" name="checkthemembertypecode" duration-ms="59" started-at="2017-03-01T19:18:24Z" finished-at="2017-03-01T19:18:24Z">
          <reporter-output>
          </reporter-output>
        </test-method> <!-- checkthemembertypecode -->
        <test-method status="PASS" signature="killbrowserprocesses()[pri:0, instance:com.howtodoinjava.demo.model.CampaignRedeemAccepted@41eaa2]" name="killbrowserprocesses" is-config="true" duration-ms="887" started-at="2017-03-01T19:18:24Z" finished-at="2017-03-01T19:18:25Z">
          <reporter-output>
          </reporter-output>
        </test-method> <!-- killbrowserprocesses -->
      </class> <!-- com.howtodoinjava.demo.model.CampaignRedeemAccepted -->
    </test> <!-- Default test -->
  </suite> <!-- Default suite -->
</testng-results>
